<?xml version="1.0" encoding="UTF-8"?>
<!-- Generated by org.testng.reporters.JUnitReportReporter -->
<testsuite skipped="0" hostname="maverick-PC" name="barcode.BarcodeTest" tests="1" failures="0" timestamp="18 Oct 2018 18:46:43 GMT" time="24.820" errors="0">
  <testcase name="barCodeTest" time="24.820" classname="barcode.BarcodeTest"/>
</testsuite> <!-- barcode.BarcodeTest -->
