<?xml version="1.0" encoding="UTF-8"?>
<!-- Generated by org.testng.reporters.JUnitReportReporter -->
<testsuite skipped="0" hostname="maverick-PC" name="sikuliProject.Sikuli1" tests="1" failures="0" timestamp="18 Oct 2018 09:22:58 GMT" time="24.844" errors="0">
  <testcase name="sikuliTest" time="24.844" classname="sikuliProject.Sikuli1"/>
</testsuite> <!-- sikuliProject.Sikuli1 -->
