<?xml version="1.0" encoding="UTF-8"?>
<!-- Generated by org.testng.reporters.JUnitReportReporter -->
<testsuite skipped="0" hostname="maverick-PC" name="barcode.BarcodeTest" tests="1" failures="0" timestamp="18 Oct 2018 19:19:18 GMT" time="21.007" errors="0">
  <testcase name="barCodeTest" time="21.007" classname="barcode.BarcodeTest"/>
</testsuite> <!-- barcode.BarcodeTest -->
